I, [2020-02-04T21:49:22.253960 #2180]  INFO -- default-ubuntu-1804: -----> Verifying <default-ubuntu-1804>...
I, [2020-02-04T21:49:23.330665 #2180]  INFO -- default-ubuntu-1804: Loaded tests from {:path=>"C:.opscode.cookbooks.Final_Project.devops-final-db-base-ami.test.integration.default"} 
E, [2020-02-04T21:49:24.108793 #2180] ERROR -- default-ubuntu-1804: Verify failed on instance <default-ubuntu-1804>.
E, [2020-02-04T21:49:24.108970 #2180] ERROR -- default-ubuntu-1804: ------Exception-------
E, [2020-02-04T21:49:24.109080 #2180] ERROR -- default-ubuntu-1804: Class: Kitchen::ActionFailed
E, [2020-02-04T21:49:24.109193 #2180] ERROR -- default-ubuntu-1804: Message: InSpec Runner returns 1
E, [2020-02-04T21:49:24.109302 #2180] ERROR -- default-ubuntu-1804: ----------------------
E, [2020-02-04T21:49:24.109415 #2180] ERROR -- default-ubuntu-1804: ------Backtrace-------
E, [2020-02-04T21:49:24.109529 #2180] ERROR -- default-ubuntu-1804: C:/opscode/chefdk/embedded/lib/ruby/gems/2.6.0/gems/kitchen-inspec-1.3.1/lib/kitchen/verifier/inspec.rb:98:in `call'
E, [2020-02-04T21:49:24.109640 #2180] ERROR -- default-ubuntu-1804: C:/opscode/chefdk/embedded/lib/ruby/gems/2.6.0/gems/test-kitchen-2.3.4/lib/kitchen/instance.rb:459:in `block in verify_action'
E, [2020-02-04T21:49:24.109709 #2180] ERROR -- default-ubuntu-1804: C:/opscode/chefdk/embedded/lib/ruby/gems/2.6.0/gems/test-kitchen-2.3.4/lib/kitchen/instance.rb:552:in `synchronize_or_call'
E, [2020-02-04T21:49:24.109824 #2180] ERROR -- default-ubuntu-1804: C:/opscode/chefdk/embedded/lib/ruby/gems/2.6.0/gems/test-kitchen-2.3.4/lib/kitchen/instance.rb:514:in `block in action'
E, [2020-02-04T21:49:24.110008 #2180] ERROR -- default-ubuntu-1804: C:/opscode/chefdk/embedded/lib/ruby/2.6.0/benchmark.rb:293:in `measure'
E, [2020-02-04T21:49:24.110118 #2180] ERROR -- default-ubuntu-1804: C:/opscode/chefdk/embedded/lib/ruby/gems/2.6.0/gems/test-kitchen-2.3.4/lib/kitchen/instance.rb:513:in `action'
E, [2020-02-04T21:49:24.110217 #2180] ERROR -- default-ubuntu-1804: C:/opscode/chefdk/embedded/lib/ruby/gems/2.6.0/gems/test-kitchen-2.3.4/lib/kitchen/instance.rb:451:in `verify_action'
E, [2020-02-04T21:49:24.110321 #2180] ERROR -- default-ubuntu-1804: C:/opscode/chefdk/embedded/lib/ruby/gems/2.6.0/gems/test-kitchen-2.3.4/lib/kitchen/instance.rb:382:in `block (2 levels) in transition_to'
E, [2020-02-04T21:49:24.110405 #2180] ERROR -- default-ubuntu-1804: C:/opscode/chefdk/embedded/lib/ruby/gems/2.6.0/gems/test-kitchen-2.3.4/lib/kitchen/lifecycle_hooks.rb:45:in `run_with_hooks'
E, [2020-02-04T21:49:24.110491 #2180] ERROR -- default-ubuntu-1804: C:/opscode/chefdk/embedded/lib/ruby/gems/2.6.0/gems/test-kitchen-2.3.4/lib/kitchen/instance.rb:381:in `block in transition_to'
E, [2020-02-04T21:49:24.110523 #2180] ERROR -- default-ubuntu-1804: C:/opscode/chefdk/embedded/lib/ruby/gems/2.6.0/gems/test-kitchen-2.3.4/lib/kitchen/instance.rb:380:in `each'
E, [2020-02-04T21:49:24.110554 #2180] ERROR -- default-ubuntu-1804: C:/opscode/chefdk/embedded/lib/ruby/gems/2.6.0/gems/test-kitchen-2.3.4/lib/kitchen/instance.rb:380:in `transition_to'
E, [2020-02-04T21:49:24.110582 #2180] ERROR -- default-ubuntu-1804: C:/opscode/chefdk/embedded/lib/ruby/gems/2.6.0/gems/test-kitchen-2.3.4/lib/kitchen/instance.rb:162:in `verify'
E, [2020-02-04T21:49:24.110609 #2180] ERROR -- default-ubuntu-1804: C:/opscode/chefdk/embedded/lib/ruby/gems/2.6.0/gems/test-kitchen-2.3.4/lib/kitchen/command.rb:198:in `public_send'
E, [2020-02-04T21:49:24.110636 #2180] ERROR -- default-ubuntu-1804: C:/opscode/chefdk/embedded/lib/ruby/gems/2.6.0/gems/test-kitchen-2.3.4/lib/kitchen/command.rb:198:in `run_action_in_thread'
E, [2020-02-04T21:49:24.110663 #2180] ERROR -- default-ubuntu-1804: C:/opscode/chefdk/embedded/lib/ruby/gems/2.6.0/gems/test-kitchen-2.3.4/lib/kitchen/command.rb:169:in `block (2 levels) in run_action'
E, [2020-02-04T21:49:24.110691 #2180] ERROR -- default-ubuntu-1804: C:/opscode/chefdk/embedded/lib/ruby/gems/2.6.0/gems/logging-2.2.2/lib/logging/diagnostic_context.rb:474:in `block in create_with_logging_context'
E, [2020-02-04T21:49:24.110746 #2180] ERROR -- default-ubuntu-1804: ----End Backtrace-----
